<?xml version="1.0" encoding="UTF-8"?>
<!-- Generated by org.testng.reporters.JUnitXMLReporter -->
<testsuite ignored="0" hostname="cra-prof-testing" failures="1" tests="4" name="Test" time="3.771" errors="0" timestamp="2023-06-22T16:57:25 IST">
  <testcase classname="TestObject.test_url_title" name="test_title" time="0.008">
    <failure type="java.lang.AssertionError" message="expected [eNPS - National Pension System 123] but found [eNPS - National Pension System]">
      <![CDATA[java.lang.AssertionError: expected [eNPS - National Pension System 123] but found [eNPS - National Pension System]
at TestObject.test_url_title.test_title(test_url_title.java:37)
at java.base/java.util.concurrent.ThreadPoolExecutor.runWorker(ThreadPoolExecutor.java:1136)
at java.base/java.util.concurrent.ThreadPoolExecutor$Worker.run(ThreadPoolExecutor.java:635)
at java.base/java.lang.Thread.run(Thread.java:833)
... Removed 15 stack frames]]>
    </failure>
  </testcase> <!-- test_title -->
  <testcase classname="TestObject.sample_test" name="test1" time="0.0"/>
  <testcase classname="TestObject.test_url_title" name="test_url" time="0.01"/>
  <testcase classname="TestObject.sample_test" name="test" time="0.304"/>
</testsuite> <!-- Test -->
