<?xml version="1.0" encoding="UTF-8"?>
<!-- Generated by org.testng.reporters.JUnitXMLReporter -->
<testsuite ignored="0" hostname="cra-prof-testing" failures="1" tests="4" name="Test" time="10.259" errors="0" timestamp="2023-06-23T13:21:33 IST">
  <testcase classname="TestObject.sample_test" name="test1" time="0.01"/>
  <testcase classname="TestObject.sample_test" name="test_click_NPS" time="0.279"/>
  <testcase classname="TestObject.sample_test" name="test_title" time="0.008">
    <failure type="java.lang.AssertionError" message="expected [eNPS - National Pension System 123] but found [eNPS - National Pension System]">
      <![CDATA[java.lang.AssertionError: expected [eNPS - National Pension System 123] but found [eNPS - National Pension System]
at TestObject.sample_test.test_title(sample_test.java:61)
at java.base/java.util.ArrayList.forEach(ArrayList.java:1511)
... Removed 31 stack frames]]>
    </failure>
  </testcase> <!-- test_title -->
  <testcase classname="TestObject.sample_test" name="test_url" time="0.007"/>
</testsuite> <!-- Test -->
